[0m[[0m[0mdebug[0m] [0m[0m> Exec(__runWatch console0, Some(b640e2ba-40b0-4778-b6a0-701248d7ab79), Some(CommandSource(console0)))[0m
[0m[[0m[0mdebug[0m] [0m[0m> Exec(sbtStashOnFailure, None, Some(CommandSource(console0)))[0m
[0m[[0m[0mdebug[0m] [0m[0m> Exec(__preWatch console0, None, Some(CommandSource(console0)))[0m
[0m[[0m[0mdebug[0m] [0m[0m> Exec(runMain lectures.part2oop.Objects, None, Some(CommandSource(console0)))[0m
[0m[[0m[0mdebug[0m] [0m[0mEvaluating tasks: Compile / runMain[0m
[0m[[0m[0mdebug[0m] [0m[0mRunning task... Cancel: Signal, check cycles: false, forcegc: true[0m
[0m[[0m[0minfo[0m] [0m[0mcompiling 1 Scala source to /home/samy/Documents/dev/scala-dev/scala-essentials/target/scala-3.1.1/classes ...[0m
[0m[[0m[31merror[0m] [0m[0m[31m-- [E164] Declaration Error: /home/samy/Documents/dev/scala-dev/scala-essentials/src/main/scala/lectures/part2oop/Objects.scala:19:8 [0m[0m
[0m[[0m[31merror[0m] [0m[0m[31m19 |[0m    [33mdef[0m [36mmain[0m([36margs[0m: [35mArray[String][0m): [35mUnit[0m = {[0m
[0m[[0m[31merror[0m] [0m[0m   |        [31m^[0m[0m
[0m[[0m[31merror[0m] [0m[0m   |error overriding [33mmethod[0m [35mmain[0m in [33mtrait[0m [35mApp[0m of type (args: Array[String]): Unit;[0m
[0m[[0m[31merror[0m] [0m[0m   |  [33mmethod[0m [35mmain[0m of type (args: Array[String]): Unit cannot override final member [33mmethod[0m [35mmain[0m in [33mtrait[0m [35mApp[0m[0m
[0m[[0m[31merror[0m] [0m[0mone error found[0m
[0m[[0m[31merror[0m] [0m[0mone error found[0m
[0m[[0m[0mdebug[0m] [0m[0mForcing garbage collection...[0m
[0m[[0m[31merror[0m] [0m[0m(Compile / [31mcompileIncremental[0m) Compilation failed[0m
[0m[[0m[31merror[0m] [0m[0mTotal time: 0 s, completed Feb 27, 2022, 9:40:49 AM[0m
[0m[[0m[0mdebug[0m] [0m[0m> Exec(resumeFromFailure, None, Some(CommandSource(console0)))[0m
[0m[[0m[0mdebug[0m] [0m[0m> Exec(sbtPopOnFailure, None, Some(CommandSource(console0)))[0m
[0m[[0m[0mdebug[0m] [0m[0m> Exec(__postWatch console0, None, Some(CommandSource(console0)))[0m
[0m[[0m[0mdebug[0m] [0m[0m> Exec(resumeFromFailure, None, None)[0m
[0m[[0m[0mdebug[0m] [0m[0m> Exec(__waitWatch console0, None, None)[0m
