[0m[[0m[0mdebug[0m] [0m[0m> Exec(__runWatch console0, Some(1c8a6594-1014-4552-b855-6fd6031dfa30), Some(CommandSource(console0)))[0m
[0m[[0m[0mdebug[0m] [0m[0m> Exec(sbtStashOnFailure, None, Some(CommandSource(console0)))[0m
[0m[[0m[0mdebug[0m] [0m[0m> Exec(__preWatch console0, None, Some(CommandSource(console0)))[0m
[0m[[0m[0mdebug[0m] [0m[0m> Exec(runMain lectures.part2oop.InheritenceAndTraits, None, Some(CommandSource(console0)))[0m
[0m[[0m[0mdebug[0m] [0m[0mEvaluating tasks: Compile / runMain[0m
[0m[[0m[0mdebug[0m] [0m[0mRunning task... Cancel: Signal, check cycles: false, forcegc: true[0m
[0m[[0m[0minfo[0m] [0m[0mcompiling 1 Scala source to /home/samy/Documents/dev/scala-dev/scala-essentials/target/scala-3.1.1/classes ...[0m
[0m[[0m[31merror[0m] [0m[0m[31m-- [E006] Not Found Error: /home/samy/Documents/dev/scala-dev/scala-essentials/src/main/scala/lectures/part2oop/InheritenceAndTraits.scala:21:23 [0m[0m
[0m[[0m[31merror[0m] [0m[0m[31m21 |[0m        [33mdef[0m [33mthis[0m([36mname[0m: [35mSting[0m) = [33mthis[0m(name, [31m0[0m)[0m
[0m[[0m[31merror[0m] [0m[0m   |                       [31m^^^^^[0m[0m
[0m[[0m[31merror[0m] [0m[0m   |                       Not found: type Sting[0m
[0m[[0m[31merror[0m] [0m[0mone error found[0m
[0m[[0m[31merror[0m] [0m[0mone error found[0m
[0m[[0m[31merror[0m] [0m[0m(Compile / [31mcompileIncremental[0m) Compilation failed[0m
[0m[[0m[31merror[0m] [0m[0mTotal time: 0 s, completed Mar 2, 2022, 11:23:56 PM[0m
[0m[[0m[0mdebug[0m] [0m[0m> Exec(resumeFromFailure, None, Some(CommandSource(console0)))[0m
[0m[[0m[0mdebug[0m] [0m[0m> Exec(sbtPopOnFailure, None, Some(CommandSource(console0)))[0m
[0m[[0m[0mdebug[0m] [0m[0m> Exec(__postWatch console0, None, Some(CommandSource(console0)))[0m
[0m[[0m[0mdebug[0m] [0m[0m> Exec(resumeFromFailure, None, None)[0m
[0m[[0m[0mdebug[0m] [0m[0m> Exec(__waitWatch console0, None, None)[0m
