[0m[[0m[0mdebug[0m] [0m[0m> Exec(__runWatch console0, Some(b5bae81e-04c7-4070-beb6-538c6606df1c), Some(CommandSource(console0)))[0m
[0m[[0m[0mdebug[0m] [0m[0m> Exec(sbtStashOnFailure, None, Some(CommandSource(console0)))[0m
[0m[[0m[0mdebug[0m] [0m[0m> Exec(__preWatch console0, None, Some(CommandSource(console0)))[0m
[0m[[0m[0mdebug[0m] [0m[0m> Exec(runMain exercices.ListTest, None, Some(CommandSource(console0)))[0m
[0m[[0m[0mdebug[0m] [0m[0mEvaluating tasks: Compile / runMain[0m
[0m[[0m[0mdebug[0m] [0m[0mRunning task... Cancel: Signal, check cycles: false, forcegc: true[0m
[0m[[0m[0minfo[0m] [0m[0mcompiling 1 Scala source to /home/samy/Documents/dev/scala-dev/scala-essentials/target/scala-3.1.1/classes ...[0m
[0m[[0m[31merror[0m] [0m[0m[31m-- [E103] Syntax Error: /home/samy/Documents/dev/scala-dev/scala-essentials/src/main/scala/exercices/MyList.scala:124:8 [0m[0m
[0m[[0m[31merror[0m] [0m[0m[31m124 |[0m        [33moverride[0m [33mdef[0m transform(elem: Int): MyList[Int]  = [33mnew[0m Cons(elem, [33mnew[0m Cons(elem + [31m1[0m, Empty))[0m
[0m[[0m[31merror[0m] [0m[0m    |        [31m^^^^^^^^[0m[0m
[0m[[0m[31merror[0m] [0m[0m    |        this kind of statement is not allowed here[0m
[0m[[0m[31merror[0m] [0m[0m[31m-- [E050] Type Error: /home/samy/Documents/dev/scala-dev/scala-essentials/src/main/scala/exercices/MyList.scala:123:34 [0m[0m
[0m[[0m[31merror[0m] [0m[0m[31m123 |[0m    println(listOfIntegers.flatMap([33mnew[0m [35mMyTransformer[Int, MyList[Int]][0m) {[0m
[0m[[0m[31merror[0m] [0m[0m    |            [31m^^^^^^^^^^^^^^^^^^^^^^^^^^^^^^^^^^^^^^^^^^^^^^^^^^^^^^^^^^^[0m[0m
[0m[[0m[31merror[0m] [0m[0m    |          [33mmethod[0m [35mflatMap[0m in [33mclass[0m [35mMyList[0m does not take more parameters[0m
[0m[[0m[31merror[0m] [0m[0mtwo errors found[0m
[0m[[0m[31merror[0m] [0m[0mtwo errors found[0m
[0m[[0m[31merror[0m] [0m[0m(Compile / [31mcompileIncremental[0m) Compilation failed[0m
[0m[[0m[31merror[0m] [0m[0mTotal time: 0 s, completed Mar 7, 2022, 11:28:38 PM[0m
[0m[[0m[0mdebug[0m] [0m[0m> Exec(resumeFromFailure, None, Some(CommandSource(console0)))[0m
[0m[[0m[0mdebug[0m] [0m[0m> Exec(sbtPopOnFailure, None, Some(CommandSource(console0)))[0m
[0m[[0m[0mdebug[0m] [0m[0m> Exec(__postWatch console0, None, Some(CommandSource(console0)))[0m
[0m[[0m[0mdebug[0m] [0m[0m> Exec(resumeFromFailure, None, None)[0m
[0m[[0m[0mdebug[0m] [0m[0m> Exec(__waitWatch console0, None, None)[0m
